[39mrunning egg_info[0m
[39mcreating build/rmp220_middleware/rmp220_middleware.egg-info[0m
[39mwriting build/rmp220_middleware/rmp220_middleware.egg-info/PKG-INFO[0m
[39mwriting dependency_links to build/rmp220_middleware/rmp220_middleware.egg-info/dependency_links.txt[0m
[39mwriting entry points to build/rmp220_middleware/rmp220_middleware.egg-info/entry_points.txt[0m
[39mwriting requirements to build/rmp220_middleware/rmp220_middleware.egg-info/requires.txt[0m
[39mwriting top-level names to build/rmp220_middleware/rmp220_middleware.egg-info/top_level.txt[0m
[39mwriting manifest file 'build/rmp220_middleware/rmp220_middleware.egg-info/SOURCES.txt'[0m
[39mreading manifest file 'build/rmp220_middleware/rmp220_middleware.egg-info/SOURCES.txt'[0m
[39mwriting manifest file 'build/rmp220_middleware/rmp220_middleware.egg-info/SOURCES.txt'[0m
[39mrunning build[0m
[39mrunning build_py[0m
[39mcreating /home/bjorn/Documents/ros_projects/rmp220_middleware/build/rmp220_middleware/build[0m
[39mcreating /home/bjorn/Documents/ros_projects/rmp220_middleware/build/rmp220_middleware/build/lib[0m
[39mcreating /home/bjorn/Documents/ros_projects/rmp220_middleware/build/rmp220_middleware/build/lib/rmp220_middleware[0m
[39mcopying rmp220_middleware/__init__.py -> /home/bjorn/Documents/ros_projects/rmp220_middleware/build/rmp220_middleware/build/lib/rmp220_middleware[0m
[39mcopying rmp220_middleware/rmp220_middleware.bak.py -> /home/bjorn/Documents/ros_projects/rmp220_middleware/build/rmp220_middleware/build/lib/rmp220_middleware[0m
[39mcopying rmp220_middleware/rmp220_middleware.py -> /home/bjorn/Documents/ros_projects/rmp220_middleware/build/rmp220_middleware/build/lib/rmp220_middleware[0m
[39mrunning install[0m
[39mrunning install_lib[0m
[39mcreating /home/bjorn/Documents/ros_projects/rmp220_middleware/install/rmp220_middleware/lib/python3.10/site-packages/rmp220_middleware[0m
[39mcopying /home/bjorn/Documents/ros_projects/rmp220_middleware/build/rmp220_middleware/build/lib/rmp220_middleware/__init__.py -> /home/bjorn/Documents/ros_projects/rmp220_middleware/install/rmp220_middleware/lib/python3.10/site-packages/rmp220_middleware[0m
[39mcopying /home/bjorn/Documents/ros_projects/rmp220_middleware/build/rmp220_middleware/build/lib/rmp220_middleware/rmp220_middleware.bak.py -> /home/bjorn/Documents/ros_projects/rmp220_middleware/install/rmp220_middleware/lib/python3.10/site-packages/rmp220_middleware[0m
[39mcopying /home/bjorn/Documents/ros_projects/rmp220_middleware/build/rmp220_middleware/build/lib/rmp220_middleware/rmp220_middleware.py -> /home/bjorn/Documents/ros_projects/rmp220_middleware/install/rmp220_middleware/lib/python3.10/site-packages/rmp220_middleware[0m
[39mbyte-compiling /home/bjorn/Documents/ros_projects/rmp220_middleware/install/rmp220_middleware/lib/python3.10/site-packages/rmp220_middleware/__init__.py to __init__.cpython-310.pyc[0m
[39mbyte-compiling /home/bjorn/Documents/ros_projects/rmp220_middleware/install/rmp220_middleware/lib/python3.10/site-packages/rmp220_middleware/rmp220_middleware.bak.py to rmp220_middleware.bak.cpython-310.pyc[0m
[39mbyte-compiling /home/bjorn/Documents/ros_projects/rmp220_middleware/install/rmp220_middleware/lib/python3.10/site-packages/rmp220_middleware/rmp220_middleware.py to rmp220_middleware.cpython-310.pyc[0m
[39mrunning install_data[0m
[39mcreating /home/bjorn/Documents/ros_projects/rmp220_middleware/install/rmp220_middleware/share/ament_index[0m
[39mcreating /home/bjorn/Documents/ros_projects/rmp220_middleware/install/rmp220_middleware/share/ament_index/resource_index[0m
[39mcreating /home/bjorn/Documents/ros_projects/rmp220_middleware/install/rmp220_middleware/share/ament_index/resource_index/packages[0m
[39mcopying resource/rmp220_middleware -> /home/bjorn/Documents/ros_projects/rmp220_middleware/install/rmp220_middleware/share/ament_index/resource_index/packages[0m
[39mcopying package.xml -> /home/bjorn/Documents/ros_projects/rmp220_middleware/install/rmp220_middleware/share/rmp220_middleware[0m
[39mrunning install_egg_info[0m
[39mCopying build/rmp220_middleware/rmp220_middleware.egg-info to /home/bjorn/Documents/ros_projects/rmp220_middleware/install/rmp220_middleware/lib/python3.10/site-packages/rmp220_middleware-0.0.0-py3.10.egg-info[0m
[39mrunning install_scripts[0m
[39mInstalling rmp220_middleware script to /home/bjorn/Documents/ros_projects/rmp220_middleware/install/rmp220_middleware/lib/rmp220_middleware[0m
[39mwriting list of installed files to '/home/bjorn/Documents/ros_projects/rmp220_middleware/build/rmp220_middleware/install.log'[0m
